c:\users\liu yuanjun\desktop\201701060815刘元军\planegame\planegame\debug\planegame.pch
c:\users\liu yuanjun\desktop\201701060815刘元军\planegame\planegame\debug\vc141.pdb
c:\users\liu yuanjun\desktop\201701060815刘元军\planegame\planegame\debug\vc141.idb
c:\users\liu yuanjun\desktop\201701060815刘元军\planegame\planegame\debug\stdafx.obj
c:\users\liu yuanjun\desktop\201701060815刘元军\planegame\planegame\debug\bomb.obj
c:\users\liu yuanjun\desktop\201701060815刘元军\planegame\planegame\debug\bomb1.obj
c:\users\liu yuanjun\desktop\201701060815刘元军\planegame\planegame\debug\boss.obj
c:\users\liu yuanjun\desktop\201701060815刘元军\planegame\planegame\debug\boss2.obj
c:\users\liu yuanjun\desktop\201701060815刘元军\planegame\planegame\debug\boss3.obj
c:\users\liu yuanjun\desktop\201701060815刘元军\planegame\planegame\debug\enemy.obj
c:\users\liu yuanjun\desktop\201701060815刘元军\planegame\planegame\debug\explosion.obj
c:\users\liu yuanjun\desktop\201701060815刘元军\planegame\planegame\debug\gameobject.obj
c:\users\liu yuanjun\desktop\201701060815刘元军\planegame\planegame\debug\giftlife.obj
c:\users\liu yuanjun\desktop\201701060815刘元军\planegame\planegame\debug\giftshield.obj
c:\users\liu yuanjun\desktop\201701060815刘元军\planegame\planegame\debug\giftweapon.obj
c:\users\liu yuanjun\desktop\201701060815刘元军\planegame\planegame\debug\giftwm.obj
c:\users\liu yuanjun\desktop\201701060815刘元军\planegame\planegame\debug\mainfrm.obj
c:\users\liu yuanjun\desktop\201701060815刘元军\planegame\planegame\debug\myplane.obj
c:\users\liu yuanjun\desktop\201701060815刘元军\planegame\planegame\debug\planegame.obj
c:\users\liu yuanjun\desktop\201701060815刘元军\planegame\planegame\debug\planegamedoc.obj
c:\users\liu yuanjun\desktop\201701060815刘元军\planegame\planegame\debug\planegameview.obj
c:\users\liu yuanjun\desktop\201701060815刘元军\planegame\planegame\debug\shield.obj
c:\users\liu yuanjun\desktop\201701060815刘元军\planegame\planegame\debug\skill.obj
c:\users\liu yuanjun\desktop\201701060815刘元军\planegame\planegame\debug\wingman.obj
c:\users\liu yuanjun\desktop\201701060815刘元军\planegame\planegame\debug\ball.obj
c:\users\liu yuanjun\desktop\201701060815刘元军\planegame\planegame\debug\ball1.obj
c:\users\liu yuanjun\desktop\201701060815刘元军\planegame\planegame\debug\ball2.obj
c:\users\liu yuanjun\desktop\201701060815刘元军\planegame\debug\planegame.ilk
c:\users\liu yuanjun\desktop\201701060815刘元军\planegame\debug\planegame.exe
c:\users\liu yuanjun\desktop\201701060815刘元军\planegame\debug\planegame.pdb
c:\users\liu yuanjun\desktop\201701060815刘元军\planegame\planegame\debug\planegame.res
c:\users\liu yuanjun\desktop\201701060815刘元军\planegame\planegame\debug\planegame.tlog\cl.command.1.tlog
c:\users\liu yuanjun\desktop\201701060815刘元军\planegame\planegame\debug\planegame.tlog\cl.read.1.tlog
c:\users\liu yuanjun\desktop\201701060815刘元军\planegame\planegame\debug\planegame.tlog\cl.write.1.tlog
c:\users\liu yuanjun\desktop\201701060815刘元军\planegame\planegame\debug\planegame.tlog\link.command.1.tlog
c:\users\liu yuanjun\desktop\201701060815刘元军\planegame\planegame\debug\planegame.tlog\link.read.1.tlog
c:\users\liu yuanjun\desktop\201701060815刘元军\planegame\planegame\debug\planegame.tlog\link.write.1.tlog
c:\users\liu yuanjun\desktop\201701060815刘元军\planegame\planegame\debug\planegame.tlog\rc.command.1.tlog
c:\users\liu yuanjun\desktop\201701060815刘元军\planegame\planegame\debug\planegame.tlog\rc.read.1.tlog
c:\users\liu yuanjun\desktop\201701060815刘元军\planegame\planegame\debug\planegame.tlog\rc.write.1.tlog
